<?xml version="1.0" encoding="UTF-8"?>
<testsuite name="ConverterTest" tests="1" skipped="0" failures="0" errors="0" timestamp="2021-04-25T19:17:50" hostname="DESKTOP-7TB4ARV" time="0.319">
  <properties/>
  <testcase name="start" classname="ConverterTest" time="0.319"/>
  <system-out><![CDATA[?[1;31m
Start test 1?[0m
> 10
> 0.234
> 7
0.234
0.14315
?[1;31m
Start test 2?[0m
> 10
> 10.234
> 7
10.234
13.14315
?[1;31m
Start test 3?[0m
> 6
> 2
> 1
2.0
11
?[1;31m
Start test 4?[0m
> 35
> af.xy
> 17
365.97061224489795
148.g88a8
?[1;31m
Start test 5?[0m
> 10
> 11
> 2
11.0
1011
?[1;31m
Start test 6?[0m
> 16
> aaaaa.0
> 24
699050.0
22df2
?[1;31m
Start test 7?[0m
> 16
> 0.cdefb
> 24
0.804438591003418
0.j78da
?[1;31m
Start test 8?[0m
> 16
> aaaaa.cdefb
> 24
699050.804438591
22df2.j78da
?[1;31m
Start test 9?[0m
> 10
> 0.2340
> 7
0.234
0.14315
?[1;31m
Start test 10?[0m
> 10
> 10.2340
> 7
10.234
13.14315
?[1;31m
Start test 11?[0m
> 6
> 2
> 1
2.0
11
?[1;31m
Start test 12?[0m
> 35
> af.xy0
> 17
365.97061224489795
148.g88a8
?[1;31m
Start test 13?[0m
> 10
> 12
> 2
12.0
1100
?[1;31m
Start test 14?[0m
> 16
> aaaaa.00
> 24
699050.0
22df2
?[1;31m
Start test 15?[0m
> 16
> 0.cdefb0
> 24
0.804438591003418
0.j78da
?[1;31m
Start test 16?[0m
> 16
> aaaaa.cdefb0
> 24
699050.804438591
22df2.j78da
?[1;31m
Start test 17?[0m
> 10
> 11
> 2
11.0
1011
?[1;31m
Start test 18?[0m
> 1
> 11111
> 10
5.0
5
?[1;31m
Start test 19?[0m
> 10
> 1000
> 36
1000.0
rs
?[1;31m
Start test 20?[0m
> 21
> 4242
> 6
38012.0
451552
?[1;31m
Start test 21?[0m
> 7
> 12
> 11
9.0
9
?[1;31m
Start test 22?[0m
> 5
> 300
> 10
75.0
75
?[1;31m
Start test 23?[0m
> 1
> 11111
> 5
5.0
10
?[1;31m
Start test 24?[0m
> 10
> 4
> 1
4.0
1111
?[1;31m
Start test 25?[0m
> 10
> 12
> 2
12.0
1100
?[1;31m
Start test 26?[0m
> 1
> 1111111
> 10
7.0
7
?[1;31m
Start test 27?[0m
> 10
> 1001
> 36
1001.0
rt
?[1;31m
Start test 28?[0m
> 21
> 4243
> 6
38013.0
451553
?[1;31m
Start test 29?[0m
> 7
> 13
> 11
10.0
a
?[1;31m
Start test 30?[0m
> 5
> 301
> 10
76.0
76
?[1;31m
Start test 31?[0m
> 1
> 111111
> 5
6.0
11
?[1;31m
Start test 32?[0m
> 10
> 5
> 1
5.0
11111
]]></system-out>
  <system-err><![CDATA[]]></system-err>
</testsuite>
